{"/Volumes/SSD/develop/POC-s/express-solid/src/app.ts": {"path":"/Volumes/SSD/develop/POC-s/express-solid/src/app.ts","statementMap":{"0":{"start":{"line":1,"column":0},"end":{"line":1,"column":30}},"1":{"start":{"line":2,"column":0},"end":{"line":2,"column":44}},"2":{"start":{"line":3,"column":0},"end":{"line":3,"column":44}},"3":{"start":{"line":4,"column":12},"end":{"line":4,"column":21}},"4":{"start":{"line":5,"column":0},"end":{"line":5,"column":24}},"5":{"start":{"line":6,"column":0},"end":{"line":6,"column":21}},"6":{"start":{"line":7,"column":0},"end":{"line":7,"column":20}},"7":{"start":{"line":9,"column":0},"end":{"line":9,"column":19}}},"fnMap":{},"branchMap":{},"s":{"0":1,"1":1,"2":1,"3":1,"4":1,"5":1,"6":1,"7":1},"f":{},"b":{}}
,"/Volumes/SSD/develop/POC-s/express-solid/src/healthCheck.ts": {"path":"/Volumes/SSD/develop/POC-s/express-solid/src/healthCheck.ts","statementMap":{"0":{"start":{"line":1,"column":0},"end":{"line":1,"column":33}},"1":{"start":{"line":2,"column":20},"end":{"line":2,"column":28}},"2":{"start":{"line":5,"column":9},"end":{"line":5,"column":20}},"3":{"start":{"line":4,"column":0},"end":{"line":4,"column":73}},"4":{"start":{"line":4,"column":41},"end":{"line":4,"column":72}}},"fnMap":{"0":{"name":"(anonymous_0)","decl":{"start":{"line":4,"column":27},"end":{"line":4,"column":28}},"loc":{"start":{"line":4,"column":36},"end":{"line":4,"column":44}}}},"branchMap":{},"s":{"0":1,"1":1,"2":1,"3":1,"4":0},"f":{"0":0},"b":{}}
,"/Volumes/SSD/develop/POC-s/express-solid/src/@shared/utils/encrypt.ts": {"path":"/Volumes/SSD/develop/POC-s/express-solid/src/@shared/utils/encrypt.ts","statementMap":{"0":{"start":{"line":1,"column":0},"end":{"line":1,"column":34}},"1":{"start":{"line":4,"column":2},"end":{"line":4,"column":29}},"2":{"start":{"line":3,"column":0},"end":{"line":3,"column":16}}},"fnMap":{"0":{"name":"encrypt","decl":{"start":{"line":3,"column":16},"end":{"line":3,"column":23}},"loc":{"start":{"line":3,"column":49},"end":{"line":5,"column":1}}}},"branchMap":{},"s":{"0":4,"1":2,"2":4},"f":{"0":2},"b":{}}
,"/Volumes/SSD/develop/POC-s/express-solid/src/@shared/utils/index.ts": {"path":"/Volumes/SSD/develop/POC-s/express-solid/src/@shared/utils/index.ts","statementMap":{"0":{"start":{"line":1,"column":0},"end":{"line":1,"column":26}}},"fnMap":{},"branchMap":{},"s":{"0":4},"f":{},"b":{}}
,"/Volumes/SSD/develop/POC-s/express-solid/src/infra/db/usersRepository/index.ts": {"path":"/Volumes/SSD/develop/POC-s/express-solid/src/infra/db/usersRepository/index.ts","statementMap":{"0":{"start":{"line":1,"column":0},"end":{"line":1,"column":30}},"1":{"start":{"line":2,"column":0},"end":{"line":2,"column":49}},"2":{"start":{"line":5,"column":0},"end":{"line":5,"column":13}},"3":{"start":{"line":6,"column":9},"end":{"line":6,"column":40}},"4":{"start":{"line":8,"column":8},"end":{"line":14,"column":null}},"5":{"start":{"line":9,"column":4},"end":{"line":11,"column":7}},"6":{"start":{"line":10,"column":6},"end":{"line":10,"column":30}},"7":{"start":{"line":13,"column":4},"end":{"line":13,"column":32}},"8":{"start":{"line":16,"column":8},"end":{"line":26,"column":null}},"9":{"start":{"line":17,"column":10},"end":{"line":21,"column":6}},"10":{"start":{"line":23,"column":4},"end":{"line":23,"column":40}},"11":{"start":{"line":25,"column":4},"end":{"line":25,"column":20}},"12":{"start":{"line":27,"column":0},"end":{"line":27,"column":null}},"13":{"start":{"line":5,"column":13},"end":{"line":5,"column":28}}},"fnMap":{"0":{"name":"(anonymous_15)","decl":{"start":{"line":5,"column":0},"end":{"line":5,"column":13}},"loc":{"start":{"line":5,"column":0},"end":{"line":27,"column":null}}},"1":{"name":"(anonymous_17)","decl":{"start":{"line":8,"column":2},"end":{"line":8,"column":8}},"loc":{"start":{"line":8,"column":2},"end":{"line":14,"column":null}}},"2":{"name":"(anonymous_20)","decl":{"start":{"line":9,"column":33},"end":{"line":9,"column":34}},"loc":{"start":{"line":9,"column":46},"end":{"line":11,"column":5}}},"3":{"name":"(anonymous_21)","decl":{"start":{"line":16,"column":2},"end":{"line":16,"column":8}},"loc":{"start":{"line":16,"column":22},"end":{"line":26,"column":null}}}},"branchMap":{},"s":{"0":2,"1":2,"2":2,"3":2,"4":2,"5":1,"6":0,"7":1,"8":2,"9":1,"10":1,"11":1,"12":2,"13":2},"f":{"0":4,"1":1,"2":0,"3":1},"b":{}}
,"/Volumes/SSD/develop/POC-s/express-solid/src/tests/repository/usersInMemmoryRepository.ts": {"path":"/Volumes/SSD/develop/POC-s/express-solid/src/tests/repository/usersInMemmoryRepository.ts","statementMap":{"0":{"start":{"line":1,"column":0},"end":{"line":1,"column":30}},"1":{"start":{"line":2,"column":0},"end":{"line":2,"column":46}},"2":{"start":{"line":5,"column":0},"end":{"line":5,"column":13}},"3":{"start":{"line":6,"column":9},"end":{"line":13,"column":4}},"4":{"start":{"line":15,"column":8},"end":{"line":21,"column":null}},"5":{"start":{"line":16,"column":4},"end":{"line":18,"column":7}},"6":{"start":{"line":17,"column":6},"end":{"line":17,"column":30}},"7":{"start":{"line":20,"column":4},"end":{"line":20,"column":34}},"8":{"start":{"line":23,"column":8},"end":{"line":33,"column":null}},"9":{"start":{"line":24,"column":10},"end":{"line":28,"column":6}},"10":{"start":{"line":30,"column":4},"end":{"line":30,"column":42}},"11":{"start":{"line":32,"column":4},"end":{"line":32,"column":20}},"12":{"start":{"line":34,"column":0},"end":{"line":34,"column":null}},"13":{"start":{"line":5,"column":13},"end":{"line":5,"column":37}}},"fnMap":{"0":{"name":"(anonymous_15)","decl":{"start":{"line":5,"column":0},"end":{"line":5,"column":13}},"loc":{"start":{"line":5,"column":0},"end":{"line":34,"column":null}}},"1":{"name":"(anonymous_17)","decl":{"start":{"line":15,"column":2},"end":{"line":15,"column":8}},"loc":{"start":{"line":15,"column":2},"end":{"line":21,"column":null}}},"2":{"name":"(anonymous_20)","decl":{"start":{"line":16,"column":35},"end":{"line":16,"column":36}},"loc":{"start":{"line":16,"column":48},"end":{"line":18,"column":5}}},"3":{"name":"(anonymous_21)","decl":{"start":{"line":23,"column":2},"end":{"line":23,"column":8}},"loc":{"start":{"line":23,"column":22},"end":{"line":33,"column":null}}}},"branchMap":{},"s":{"0":2,"1":2,"2":2,"3":2,"4":2,"5":1,"6":1,"7":1,"8":2,"9":1,"10":1,"11":1,"12":2,"13":2},"f":{"0":4,"1":1,"2":1,"3":1},"b":{}}
,"/Volumes/SSD/develop/POC-s/express-solid/src/tests/services/usersInMemmoryService.ts": {"path":"/Volumes/SSD/develop/POC-s/express-solid/src/tests/services/usersInMemmoryService.ts","statementMap":{"0":{"start":{"line":1,"column":0},"end":{"line":1,"column":82}},"1":{"start":{"line":2,"column":0},"end":{"line":2,"column":82}},"2":{"start":{"line":4,"column":33},"end":{"line":4,"column":63}},"3":{"start":{"line":5,"column":36},"end":{"line":5,"column":84}},"4":{"start":{"line":7,"column":9},"end":{"line":7,"column":36}}},"fnMap":{},"branchMap":{},"s":{"0":1,"1":1,"2":1,"3":1,"4":1},"f":{},"b":{}}
,"/Volumes/SSD/develop/POC-s/express-solid/src/users/index.ts": {"path":"/Volumes/SSD/develop/POC-s/express-solid/src/users/index.ts","statementMap":{"0":{"start":{"line":1,"column":0},"end":{"line":1,"column":62}},"1":{"start":{"line":2,"column":0},"end":{"line":2,"column":59}},"2":{"start":{"line":3,"column":0},"end":{"line":3,"column":72}},"3":{"start":{"line":4,"column":0},"end":{"line":4,"column":66}},"4":{"start":{"line":6,"column":0},"end":{"line":6,"column":49}},"5":{"start":{"line":8,"column":24},"end":{"line":8,"column":45}},"6":{"start":{"line":9,"column":24},"end":{"line":9,"column":60}},"7":{"start":{"line":10,"column":27},"end":{"line":10,"column":66}},"8":{"start":{"line":11,"column":21},"end":{"line":11,"column":74}},"9":{"start":{"line":14,"column":26},"end":{"line":14,"column":38}},"10":{"start":{"line":12,"column":24},"end":{"line":12,"column":57}},"11":{"start":{"line":14,"column":9},"end":{"line":14,"column":24}}},"fnMap":{},"branchMap":{},"s":{"0":2,"1":2,"2":2,"3":2,"4":2,"5":2,"6":2,"7":2,"8":2,"9":2,"10":2,"11":2},"f":{},"b":{}}
,"/Volumes/SSD/develop/POC-s/express-solid/src/users/routes.ts": {"path":"/Volumes/SSD/develop/POC-s/express-solid/src/users/routes.ts","statementMap":{"0":{"start":{"line":1,"column":0},"end":{"line":1,"column":33}},"1":{"start":{"line":2,"column":0},"end":{"line":2,"column":36}},"2":{"start":{"line":4,"column":19},"end":{"line":4,"column":27}},"3":{"start":{"line":9,"column":9},"end":{"line":9,"column":19}},"4":{"start":{"line":6,"column":0},"end":{"line":6,"column":99}},"5":{"start":{"line":6,"column":55},"end":{"line":6,"column":98}},"6":{"start":{"line":7,"column":0},"end":{"line":7,"column":103}},"7":{"start":{"line":7,"column":56},"end":{"line":7,"column":102}}},"fnMap":{"0":{"name":"(anonymous_0)","decl":{"start":{"line":6,"column":32},"end":{"line":6,"column":33}},"loc":{"start":{"line":6,"column":50},"end":{"line":6,"column":70}}},"1":{"name":"(anonymous_1)","decl":{"start":{"line":7,"column":33},"end":{"line":7,"column":34}},"loc":{"start":{"line":7,"column":51},"end":{"line":7,"column":71}}}},"branchMap":{},"s":{"0":1,"1":1,"2":1,"3":1,"4":1,"5":1,"6":1,"7":1},"f":{"0":1,"1":1},"b":{}}
,"/Volumes/SSD/develop/POC-s/express-solid/src/users/application/controller/index.ts": {"path":"/Volumes/SSD/develop/POC-s/express-solid/src/users/application/controller/index.ts","statementMap":{"0":{"start":{"line":4,"column":0},"end":{"line":4,"column":13}},"1":{"start":{"line":5,"column":31},"end":{"line":5,"column":58}},"2":{"start":{"line":7,"column":8},"end":{"line":10,"column":null}},"3":{"start":{"line":8,"column":17},"end":{"line":8,"column":null}},"4":{"start":{"line":8,"column":10},"end":{"line":8,"column":null}},"5":{"start":{"line":9,"column":4},"end":{"line":9,"column":24}},"6":{"start":{"line":11,"column":8},"end":{"line":15,"column":null}},"7":{"start":{"line":12,"column":10},"end":{"line":12,"column":38}},"8":{"start":{"line":13,"column":17},"end":{"line":13,"column":null}},"9":{"start":{"line":13,"column":10},"end":{"line":13,"column":null}},"10":{"start":{"line":14,"column":4},"end":{"line":14,"column":24}},"11":{"start":{"line":16,"column":0},"end":{"line":16,"column":null}},"12":{"start":{"line":4,"column":13},"end":{"line":4,"column":28}}},"fnMap":{"0":{"name":"(anonymous_13)","decl":{"start":{"line":4,"column":0},"end":{"line":4,"column":13}},"loc":{"start":{"line":4,"column":0},"end":{"line":16,"column":null}}},"1":{"name":"UsersController","decl":{"start":{"line":5,"column":2},"end":{"line":5,"column":31}},"loc":{"start":{"line":5,"column":58},"end":{"line":5,"column":62}}},"2":{"name":"(anonymous_15)","decl":{"start":{"line":7,"column":2},"end":{"line":7,"column":8}},"loc":{"start":{"line":7,"column":53},"end":{"line":10,"column":null}}},"3":{"name":"(anonymous_18)","decl":{"start":{"line":11,"column":2},"end":{"line":11,"column":8}},"loc":{"start":{"line":11,"column":55},"end":{"line":15,"column":null}}}},"branchMap":{"0":{"loc":{"start":{"line":8,"column":17},"end":{"line":8,"column":null}},"type":"switch","locations":[{"start":{"line":8,"column":17},"end":{"line":8,"column":null}}]},"1":{"loc":{"start":{"line":12,"column":24},"end":{"line":12,"column":37}},"type":"cond-expr","locations":[{"start":{"line":12,"column":31},"end":{"line":12,"column":33}},{"start":{"line":12,"column":24},"end":{"line":12,"column":37}}]},"2":{"loc":{"start":{"line":12,"column":24},"end":{"line":12,"column":33}},"type":"binary-expr","locations":[{"start":{"line":12,"column":24},"end":{"line":12,"column":33}},{"start":{"line":12,"column":24},"end":{"line":12,"column":33}}]}},"s":{"0":2,"1":2,"2":2,"3":1,"4":1,"5":1,"6":2,"7":1,"8":1,"9":1,"10":1,"11":2,"12":2},"f":{"0":2,"1":2,"2":1,"3":1},"b":{"0":[1],"1":[0,1],"2":[1,1]}}
,"/Volumes/SSD/develop/POC-s/express-solid/src/users/application/useCases/createUsers/index.ts": {"path":"/Volumes/SSD/develop/POC-s/express-solid/src/users/application/useCases/createUsers/index.ts","statementMap":{"0":{"start":{"line":3,"column":0},"end":{"line":3,"column":13}},"1":{"start":{"line":4,"column":31},"end":{"line":4,"column":64}},"2":{"start":{"line":6,"column":8},"end":{"line":8,"column":null}},"3":{"start":{"line":7,"column":11},"end":{"line":7,"column":49}},"4":{"start":{"line":7,"column":4},"end":{"line":7,"column":49}},"5":{"start":{"line":9,"column":0},"end":{"line":9,"column":null}},"6":{"start":{"line":3,"column":13},"end":{"line":3,"column":31}}},"fnMap":{"0":{"name":"(anonymous_13)","decl":{"start":{"line":3,"column":0},"end":{"line":3,"column":13}},"loc":{"start":{"line":3,"column":0},"end":{"line":9,"column":null}}},"1":{"name":"CreateUsersUseCase","decl":{"start":{"line":4,"column":2},"end":{"line":4,"column":31}},"loc":{"start":{"line":4,"column":64},"end":{"line":4,"column":68}}},"2":{"name":"(anonymous_15)","decl":{"start":{"line":6,"column":2},"end":{"line":6,"column":8}},"loc":{"start":{"line":6,"column":25},"end":{"line":8,"column":null}}}},"branchMap":{"0":{"loc":{"start":{"line":7,"column":11},"end":{"line":7,"column":49}},"type":"switch","locations":[{"start":{"line":7,"column":11},"end":{"line":7,"column":49}},{"start":{"line":7,"column":4},"end":{"line":7,"column":49}}]}},"s":{"0":3,"1":3,"2":3,"3":2,"4":2,"5":3,"6":3},"f":{"0":3,"1":3,"2":2},"b":{"0":[2,2]}}
,"/Volumes/SSD/develop/POC-s/express-solid/src/users/application/useCases/getUsers/index.ts": {"path":"/Volumes/SSD/develop/POC-s/express-solid/src/users/application/useCases/getUsers/index.ts","statementMap":{"0":{"start":{"line":3,"column":0},"end":{"line":3,"column":13}},"1":{"start":{"line":4,"column":31},"end":{"line":4,"column":64}},"2":{"start":{"line":6,"column":8},"end":{"line":8,"column":null}},"3":{"start":{"line":7,"column":11},"end":{"line":7,"column":48}},"4":{"start":{"line":7,"column":4},"end":{"line":7,"column":48}},"5":{"start":{"line":9,"column":0},"end":{"line":9,"column":null}},"6":{"start":{"line":3,"column":13},"end":{"line":3,"column":28}}},"fnMap":{"0":{"name":"(anonymous_13)","decl":{"start":{"line":3,"column":0},"end":{"line":3,"column":13}},"loc":{"start":{"line":3,"column":0},"end":{"line":9,"column":null}}},"1":{"name":"GetUsersUseCase","decl":{"start":{"line":4,"column":2},"end":{"line":4,"column":31}},"loc":{"start":{"line":4,"column":64},"end":{"line":4,"column":68}}},"2":{"name":"(anonymous_15)","decl":{"start":{"line":6,"column":2},"end":{"line":6,"column":8}},"loc":{"start":{"line":6,"column":2},"end":{"line":8,"column":null}}}},"branchMap":{"0":{"loc":{"start":{"line":7,"column":11},"end":{"line":7,"column":48}},"type":"switch","locations":[{"start":{"line":7,"column":11},"end":{"line":7,"column":48}},{"start":{"line":7,"column":4},"end":{"line":7,"column":48}}]}},"s":{"0":3,"1":3,"2":3,"3":2,"4":2,"5":3,"6":3},"f":{"0":3,"1":3,"2":2},"b":{"0":[2,2]}}
,"/Volumes/SSD/develop/POC-s/express-solid/src/users/domain/services/index.ts": {"path":"/Volumes/SSD/develop/POC-s/express-solid/src/users/domain/services/index.ts","statementMap":{"0":{"start":{"line":5,"column":0},"end":{"line":5,"column":13}},"1":{"start":{"line":6,"column":22},"end":{"line":6,"column":55}},"2":{"start":{"line":6,"column":65},"end":{"line":6,"column":104}},"3":{"start":{"line":8,"column":2},"end":{"line":10,"column":null}},"4":{"start":{"line":9,"column":4},"end":{"line":9,"column":42}},"5":{"start":{"line":11,"column":2},"end":{"line":13,"column":null}},"6":{"start":{"line":12,"column":4},"end":{"line":12,"column":49}},"7":{"start":{"line":14,"column":0},"end":{"line":14,"column":null}},"8":{"start":{"line":5,"column":13},"end":{"line":5,"column":25}}},"fnMap":{"0":{"name":"(anonymous_0)","decl":{"start":{"line":5,"column":0},"end":{"line":5,"column":13}},"loc":{"start":{"line":5,"column":0},"end":{"line":14,"column":null}}},"1":{"name":"UsersService","decl":{"start":{"line":6,"column":2},"end":{"line":6,"column":22}},"loc":{"start":{"line":6,"column":104},"end":{"line":6,"column":108}}},"2":{"name":"(anonymous_2)","decl":{"start":{"line":8,"column":2},"end":{"line":8,"column":9}},"loc":{"start":{"line":8,"column":2},"end":{"line":10,"column":3}}},"3":{"name":"(anonymous_3)","decl":{"start":{"line":11,"column":2},"end":{"line":11,"column":12}},"loc":{"start":{"line":11,"column":22},"end":{"line":13,"column":3}}}},"branchMap":{},"s":{"0":2,"1":2,"2":2,"3":2,"4":1,"5":2,"6":1,"7":2,"8":2},"f":{"0":2,"1":2,"2":1,"3":1},"b":{}}
}
