TN:
SF:src/app.ts
FNF:0
FNH:0
DA:1,1
DA:2,1
DA:3,1
DA:4,1
DA:5,1
DA:6,1
DA:7,1
DA:9,1
LF:8
LH:8
BRF:0
BRH:0
end_of_record
TN:
SF:src/healthCheck.ts
FN:4,(anonymous_0)
FNF:1
FNH:0
FNDA:0,(anonymous_0)
DA:1,1
DA:2,1
DA:4,1
DA:5,1
LF:4
LH:4
BRF:0
BRH:0
end_of_record
TN:
SF:src/@shared/utils/encrypt.ts
FN:3,encrypt
FNF:1
FNH:1
FNDA:2,encrypt
DA:1,4
DA:3,4
DA:4,2
LF:3
LH:3
BRF:0
BRH:0
end_of_record
TN:
SF:src/@shared/utils/index.ts
FNF:0
FNH:0
DA:1,4
LF:1
LH:1
BRF:0
BRH:0
end_of_record
TN:
SF:src/infra/db/usersRepository/index.ts
FN:5,(anonymous_15)
FN:8,(anonymous_17)
FN:9,(anonymous_20)
FN:16,(anonymous_21)
FNF:4
FNH:3
FNDA:4,(anonymous_15)
FNDA:1,(anonymous_17)
FNDA:0,(anonymous_20)
FNDA:1,(anonymous_21)
DA:1,2
DA:2,2
DA:5,2
DA:6,2
DA:8,2
DA:9,1
DA:10,0
DA:13,1
DA:16,2
DA:17,1
DA:23,1
DA:25,1
DA:27,2
LF:13
LH:12
BRF:0
BRH:0
end_of_record
TN:
SF:src/tests/repository/usersInMemmoryRepository.ts
FN:5,(anonymous_15)
FN:15,(anonymous_17)
FN:16,(anonymous_20)
FN:23,(anonymous_21)
FNF:4
FNH:4
FNDA:4,(anonymous_15)
FNDA:1,(anonymous_17)
FNDA:1,(anonymous_20)
FNDA:1,(anonymous_21)
DA:1,2
DA:2,2
DA:5,2
DA:6,2
DA:15,2
DA:16,1
DA:17,1
DA:20,1
DA:23,2
DA:24,1
DA:30,1
DA:32,1
DA:34,2
LF:13
LH:13
BRF:0
BRH:0
end_of_record
TN:
SF:src/tests/services/usersInMemmoryService.ts
FNF:0
FNH:0
DA:1,1
DA:2,1
DA:4,1
DA:5,1
DA:7,1
LF:5
LH:5
BRF:0
BRH:0
end_of_record
TN:
SF:src/users/index.ts
FNF:0
FNH:0
DA:1,2
DA:2,2
DA:3,2
DA:4,2
DA:6,2
DA:8,2
DA:9,2
DA:10,2
DA:11,2
DA:12,2
DA:14,2
LF:11
LH:11
BRF:0
BRH:0
end_of_record
TN:
SF:src/users/routes.ts
FN:6,(anonymous_0)
FN:7,(anonymous_1)
FNF:2
FNH:2
FNDA:1,(anonymous_0)
FNDA:1,(anonymous_1)
DA:1,1
DA:2,1
DA:4,1
DA:6,1
DA:7,1
DA:9,1
LF:6
LH:6
BRF:0
BRH:0
end_of_record
TN:
SF:src/users/application/controller/index.ts
FN:4,(anonymous_13)
FN:5,UsersController
FN:7,(anonymous_15)
FN:11,(anonymous_18)
FNF:4
FNH:4
FNDA:2,(anonymous_13)
FNDA:2,UsersController
FNDA:1,(anonymous_15)
FNDA:1,(anonymous_18)
DA:4,2
DA:5,2
DA:7,2
DA:8,1
DA:9,1
DA:11,2
DA:12,1
DA:13,1
DA:14,1
DA:16,2
LF:10
LH:10
BRDA:8,0,0,1
BRDA:12,1,0,0
BRDA:12,1,1,1
BRDA:12,2,0,1
BRDA:12,2,1,1
BRF:5
BRH:4
end_of_record
TN:
SF:src/users/application/useCases/createUsers/index.ts
FN:3,(anonymous_13)
FN:4,CreateUsersUseCase
FN:6,(anonymous_15)
FNF:3
FNH:3
FNDA:3,(anonymous_13)
FNDA:3,CreateUsersUseCase
FNDA:2,(anonymous_15)
DA:3,3
DA:4,3
DA:6,3
DA:7,2
DA:9,3
LF:5
LH:5
BRDA:7,0,0,2
BRDA:7,0,1,2
BRF:2
BRH:2
end_of_record
TN:
SF:src/users/application/useCases/getUsers/index.ts
FN:3,(anonymous_13)
FN:4,GetUsersUseCase
FN:6,(anonymous_15)
FNF:3
FNH:3
FNDA:3,(anonymous_13)
FNDA:3,GetUsersUseCase
FNDA:2,(anonymous_15)
DA:3,3
DA:4,3
DA:6,3
DA:7,2
DA:9,3
LF:5
LH:5
BRDA:7,0,0,2
BRDA:7,0,1,2
BRF:2
BRH:2
end_of_record
TN:
SF:src/users/domain/services/index.ts
FN:5,(anonymous_0)
FN:6,UsersService
FN:8,(anonymous_2)
FN:11,(anonymous_3)
FNF:4
FNH:4
FNDA:2,(anonymous_0)
FNDA:2,UsersService
FNDA:1,(anonymous_2)
FNDA:1,(anonymous_3)
DA:5,2
DA:6,2
DA:8,2
DA:9,1
DA:11,2
DA:12,1
DA:14,2
LF:7
LH:7
BRF:0
BRH:0
end_of_record
